<?xml version="1.0" encoding="UTF-8"?>
<!-- Generated by org.testng.reporters.JUnitReportReporter -->
<testsuite hostname="del1-lhp-n78153" failures="0" tests="1" name="com.qa.opencart.tests.RegisterPageTest" time="375.967" errors="0" timestamp="2023-09-15T19:17:04 IST" skipped="0">
  <testcase classname="com.qa.opencart.tests.RegisterPageTest" name="resetPage" time="375.967"/>
</testsuite> <!-- com.qa.opencart.tests.RegisterPageTest -->
