<?xml version="1.0" encoding="UTF-8"?>
<!-- Generated by org.testng.reporters.JUnitReportReporter -->
<testsuite hostname="del1-lhp-n78153" failures="0" tests="7" name="com.qa.opencart.tests.AccountsPageTest" time="5.796" errors="0" timestamp="2023-09-15T19:17:04 IST" skipped="0">
  <testcase classname="com.qa.opencart.tests.AccountsPageTest" name="logoutLinkExistTest" time="0.181"/>
  <testcase classname="com.qa.opencart.tests.AccountsPageTest" name="accPageHeadersTest" time="0.299"/>
  <testcase classname="com.qa.opencart.tests.AccountsPageTest" name="searchTest" time="1.310"/>
  <testcase classname="com.qa.opencart.tests.AccountsPageTest" name="searchTest" time="1.785"/>
  <testcase classname="com.qa.opencart.tests.AccountsPageTest" name="accPageTitleTest" time="0.042"/>
  <testcase classname="com.qa.opencart.tests.AccountsPageTest" name="searchTest" time="1.949"/>
  <testcase classname="com.qa.opencart.tests.AccountsPageTest" name="accPageHeadersCountTest" time="0.230"/>
</testsuite> <!-- com.qa.opencart.tests.AccountsPageTest -->
